<?xml version="1.0" encoding="UTF-8"?>
<testsuite xmlns:xsi="http://www.w3.org/2001/XMLSchema-instance" xsi:noNamespaceSchemaLocation="https://maven.apache.org/surefire/maven-surefire-plugin/xsd/surefire-test-report.xsd" version="3.0.2" name="com.redhat.lightwell.openrewrite.AddExplicitCharsetToFileUtilsReadTest" time="1.337" tests="4" errors="0" skipped="0" failures="0">
  <properties>
[...]
</properties>
  <testcase name="noChangeWhenAlreadyModernized" classname="com.redhat.lightwell.openrewrite.AddExplicitCharsetToFileUtilsReadTest" time="0.808"/>
  <testcase name="rewritesSingleArgumentCall" classname="com.redhat.lightwell.openrewrite.AddExplicitCharsetToFileUtilsReadTest" time="0.291"/>
  <testcase name="noChangeForDifferentOverload" classname="com.redhat.lightwell.openrewrite.AddExplicitCharsetToFileUtilsReadTest" time="0.079"/>
  <testcase name="rewritesMultipleCallSites" classname="com.redhat.lightwell.openrewrite.AddExplicitCharsetToFileUtilsReadTest" time="0.148"/>
</testsuite>